2024-11-07 13:26:25,722 [Worker-5: Loading available Gradle versions] INFO  o.e.b.c.i.u.g.PublishedGradleVersions - Gradle version information cache is out-of-date. Trying to update.
2024-11-07 13:27:59,148 [ModalContext] INFO  o.e.m.c.i.e.AbstractTransferListenerAdapter - Downloading https://repo.maven.apache.org/maven2/org/apache/maven/archetypes/maven-archetype-webapp/1.5/maven-archetype-webapp-1.5.pom
2024-11-07 13:27:59,176 [ModalContext] INFO  o.e.m.c.i.e.AbstractTransferListenerAdapter - Downloaded https://repo.maven.apache.org/maven2/org/apache/maven/archetypes/maven-archetype-webapp/1.5/maven-archetype-webapp-1.5.pom
2024-11-07 13:27:59,228 [ModalContext] INFO  o.e.m.c.i.e.AbstractTransferListenerAdapter - Downloading https://repo.maven.apache.org/maven2/org/apache/maven/archetypes/maven-archetype-bundles/1.5/maven-archetype-bundles-1.5.pom
2024-11-07 13:27:59,258 [ModalContext] INFO  o.e.m.c.i.e.AbstractTransferListenerAdapter - Downloaded https://repo.maven.apache.org/maven2/org/apache/maven/archetypes/maven-archetype-bundles/1.5/maven-archetype-bundles-1.5.pom
2024-11-07 13:27:59,287 [ModalContext] INFO  o.e.m.c.i.e.AbstractTransferListenerAdapter - Downloading https://repo.maven.apache.org/maven2/org/apache/maven/maven-parent/43/maven-parent-43.pom
2024-11-07 13:27:59,324 [ModalContext] INFO  o.e.m.c.i.e.AbstractTransferListenerAdapter - Downloaded https://repo.maven.apache.org/maven2/org/apache/maven/maven-parent/43/maven-parent-43.pom
2024-11-07 13:27:59,357 [ModalContext] INFO  o.e.m.c.i.e.AbstractTransferListenerAdapter - Downloading https://repo.maven.apache.org/maven2/org/apache/apache/33/apache-33.pom
2024-11-07 13:27:59,379 [ModalContext] INFO  o.e.m.c.i.e.AbstractTransferListenerAdapter - Downloaded https://repo.maven.apache.org/maven2/org/apache/apache/33/apache-33.pom
2024-11-07 13:27:59,418 [ModalContext] INFO  o.e.m.c.i.e.AbstractTransferListenerAdapter - Downloading https://repo.maven.apache.org/maven2/org/junit/junit-bom/5.10.3/junit-bom-5.10.3.pom
2024-11-07 13:27:59,432 [ModalContext] INFO  o.e.m.c.i.e.AbstractTransferListenerAdapter - Downloaded https://repo.maven.apache.org/maven2/org/junit/junit-bom/5.10.3/junit-bom-5.10.3.pom
2024-11-07 13:27:59,455 [ModalContext] INFO  o.e.m.c.i.e.AbstractTransferListenerAdapter - Downloading https://repo.maven.apache.org/maven2/org/apache/maven/archetypes/maven-archetype-webapp/1.5/maven-archetype-webapp-1.5.jar
2024-11-07 13:27:59,471 [ModalContext] INFO  o.e.m.c.i.e.AbstractTransferListenerAdapter - Downloaded https://repo.maven.apache.org/maven2/org/apache/maven/archetypes/maven-archetype-webapp/1.5/maven-archetype-webapp-1.5.jar
2024-11-07 13:32:56,928 [Worker-16: Launching mavenrun-229f8d86-112d-4182-aee3-f7c500c1d6a7] INFO  o.eclipse.m2e.core.internal.Bundles - getClasspathEntries(Bundle=org.eclipse.m2e.maven.runtime_3.9.400.20230826-0755 [624])
2024-11-07 13:32:56,931 [Worker-16: Launching mavenrun-229f8d86-112d-4182-aee3-f7c500c1d6a7] INFO  o.eclipse.m2e.core.internal.Bundles - 	Entry: C:\eclipse-jee-2023-09-R-win32-x86_64\eclipse\plugins\org.eclipse.m2e.maven.runtime_3.9.400.20230826-0755
2024-11-07 13:32:56,931 [Worker-16: Launching mavenrun-229f8d86-112d-4182-aee3-f7c500c1d6a7] INFO  o.eclipse.m2e.core.internal.Bundles - 	Entry: C:\eclipse-jee-2023-09-R-win32-x86_64\eclipse\plugins\org.eclipse.m2e.maven.runtime_3.9.400.20230826-0755\jars\aether-connector-okhttp-0.17.8.jar
2024-11-07 13:32:56,932 [Worker-16: Launching mavenrun-229f8d86-112d-4182-aee3-f7c500c1d6a7] INFO  o.eclipse.m2e.core.internal.Bundles - 	Entry: C:\eclipse-jee-2023-09-R-win32-x86_64\eclipse\plugins\org.eclipse.m2e.maven.runtime_3.9.400.20230826-0755\jars\aopalliance-1.0.jar
2024-11-07 13:32:56,932 [Worker-16: Launching mavenrun-229f8d86-112d-4182-aee3-f7c500c1d6a7] INFO  o.eclipse.m2e.core.internal.Bundles - 	Entry: C:\eclipse-jee-2023-09-R-win32-x86_64\eclipse\plugins\org.eclipse.m2e.maven.runtime_3.9.400.20230826-0755\jars\commons-lang3-3.12.0.jar
2024-11-07 13:32:56,933 [Worker-16: Launching mavenrun-229f8d86-112d-4182-aee3-f7c500c1d6a7] INFO  o.eclipse.m2e.core.internal.Bundles - 	Entry: C:\eclipse-jee-2023-09-R-win32-x86_64\eclipse\plugins\org.eclipse.m2e.maven.runtime_3.9.400.20230826-0755\jars\guice-5.1.0.jar
2024-11-07 13:32:56,934 [Worker-16: Launching mavenrun-229f8d86-112d-4182-aee3-f7c500c1d6a7] INFO  o.eclipse.m2e.core.internal.Bundles - 	Entry: C:\eclipse-jee-2023-09-R-win32-x86_64\eclipse\plugins\org.eclipse.m2e.maven.runtime_3.9.400.20230826-0755\jars\jansi-2.4.0.jar
2024-11-07 13:32:56,934 [Worker-16: Launching mavenrun-229f8d86-112d-4182-aee3-f7c500c1d6a7] INFO  o.eclipse.m2e.core.internal.Bundles - 	Entry: C:\eclipse-jee-2023-09-R-win32-x86_64\eclipse\plugins\org.eclipse.m2e.maven.runtime_3.9.400.20230826-0755\jars\maven-artifact-3.9.4.jar
2024-11-07 13:32:56,935 [Worker-16: Launching mavenrun-229f8d86-112d-4182-aee3-f7c500c1d6a7] INFO  o.eclipse.m2e.core.internal.Bundles - 	Entry: C:\eclipse-jee-2023-09-R-win32-x86_64\eclipse\plugins\org.eclipse.m2e.maven.runtime_3.9.400.20230826-0755\jars\maven-builder-support-3.9.4.jar
2024-11-07 13:32:56,936 [Worker-16: Launching mavenrun-229f8d86-112d-4182-aee3-f7c500c1d6a7] INFO  o.eclipse.m2e.core.internal.Bundles - 	Entry: C:\eclipse-jee-2023-09-R-win32-x86_64\eclipse\plugins\org.eclipse.m2e.maven.runtime_3.9.400.20230826-0755\jars\maven-compat-3.9.4.jar
2024-11-07 13:32:56,936 [Worker-16: Launching mavenrun-229f8d86-112d-4182-aee3-f7c500c1d6a7] INFO  o.eclipse.m2e.core.internal.Bundles - 	Entry: C:\eclipse-jee-2023-09-R-win32-x86_64\eclipse\plugins\org.eclipse.m2e.maven.runtime_3.9.400.20230826-0755\jars\maven-core-3.9.4.jar
2024-11-07 13:32:56,936 [Worker-16: Launching mavenrun-229f8d86-112d-4182-aee3-f7c500c1d6a7] INFO  o.eclipse.m2e.core.internal.Bundles - 	Entry: C:\eclipse-jee-2023-09-R-win32-x86_64\eclipse\plugins\org.eclipse.m2e.maven.runtime_3.9.400.20230826-0755\jars\maven-embedder-3.9.4.jar
2024-11-07 13:32:56,937 [Worker-16: Launching mavenrun-229f8d86-112d-4182-aee3-f7c500c1d6a7] INFO  o.eclipse.m2e.core.internal.Bundles - 	Entry: C:\eclipse-jee-2023-09-R-win32-x86_64\eclipse\plugins\org.eclipse.m2e.maven.runtime_3.9.400.20230826-0755\jars\maven-model-3.9.4.jar
2024-11-07 13:32:56,938 [Worker-16: Launching mavenrun-229f8d86-112d-4182-aee3-f7c500c1d6a7] INFO  o.eclipse.m2e.core.internal.Bundles - 	Entry: C:\eclipse-jee-2023-09-R-win32-x86_64\eclipse\plugins\org.eclipse.m2e.maven.runtime_3.9.400.20230826-0755\jars\maven-model-builder-3.9.4.jar
2024-11-07 13:32:56,938 [Worker-16: Launching mavenrun-229f8d86-112d-4182-aee3-f7c500c1d6a7] INFO  o.eclipse.m2e.core.internal.Bundles - 	Entry: C:\eclipse-jee-2023-09-R-win32-x86_64\eclipse\plugins\org.eclipse.m2e.maven.runtime_3.9.400.20230826-0755\jars\maven-plugin-api-3.9.4.jar
2024-11-07 13:32:56,938 [Worker-16: Launching mavenrun-229f8d86-112d-4182-aee3-f7c500c1d6a7] INFO  o.eclipse.m2e.core.internal.Bundles - 	Entry: C:\eclipse-jee-2023-09-R-win32-x86_64\eclipse\plugins\org.eclipse.m2e.maven.runtime_3.9.400.20230826-0755\jars\maven-repository-metadata-3.9.4.jar
2024-11-07 13:32:56,939 [Worker-16: Launching mavenrun-229f8d86-112d-4182-aee3-f7c500c1d6a7] INFO  o.eclipse.m2e.core.internal.Bundles - 	Entry: C:\eclipse-jee-2023-09-R-win32-x86_64\eclipse\plugins\org.eclipse.m2e.maven.runtime_3.9.400.20230826-0755\jars\maven-resolver-api-1.9.14.jar
2024-11-07 13:32:56,940 [Worker-16: Launching mavenrun-229f8d86-112d-4182-aee3-f7c500c1d6a7] INFO  o.eclipse.m2e.core.internal.Bundles - 	Entry: C:\eclipse-jee-2023-09-R-win32-x86_64\eclipse\plugins\org.eclipse.m2e.maven.runtime_3.9.400.20230826-0755\jars\maven-resolver-connector-basic-1.9.14.jar
2024-11-07 13:32:56,940 [Worker-16: Launching mavenrun-229f8d86-112d-4182-aee3-f7c500c1d6a7] INFO  o.eclipse.m2e.core.internal.Bundles - 	Entry: C:\eclipse-jee-2023-09-R-win32-x86_64\eclipse\plugins\org.eclipse.m2e.maven.runtime_3.9.400.20230826-0755\jars\maven-resolver-impl-1.9.14.jar
2024-11-07 13:32:56,941 [Worker-16: Launching mavenrun-229f8d86-112d-4182-aee3-f7c500c1d6a7] INFO  o.eclipse.m2e.core.internal.Bundles - 	Entry: C:\eclipse-jee-2023-09-R-win32-x86_64\eclipse\plugins\org.eclipse.m2e.maven.runtime_3.9.400.20230826-0755\jars\maven-resolver-named-locks-1.9.14.jar
2024-11-07 13:32:56,941 [Worker-16: Launching mavenrun-229f8d86-112d-4182-aee3-f7c500c1d6a7] INFO  o.eclipse.m2e.core.internal.Bundles - 	Entry: C:\eclipse-jee-2023-09-R-win32-x86_64\eclipse\plugins\org.eclipse.m2e.maven.runtime_3.9.400.20230826-0755\jars\maven-resolver-provider-3.9.4.jar
2024-11-07 13:32:56,942 [Worker-16: Launching mavenrun-229f8d86-112d-4182-aee3-f7c500c1d6a7] INFO  o.eclipse.m2e.core.internal.Bundles - 	Entry: C:\eclipse-jee-2023-09-R-win32-x86_64\eclipse\plugins\org.eclipse.m2e.maven.runtime_3.9.400.20230826-0755\jars\maven-resolver-spi-1.9.14.jar
2024-11-07 13:32:56,943 [Worker-16: Launching mavenrun-229f8d86-112d-4182-aee3-f7c500c1d6a7] INFO  o.eclipse.m2e.core.internal.Bundles - 	Entry: C:\eclipse-jee-2023-09-R-win32-x86_64\eclipse\plugins\org.eclipse.m2e.maven.runtime_3.9.400.20230826-0755\jars\maven-resolver-transport-wagon-1.9.14.jar
2024-11-07 13:32:56,944 [Worker-16: Launching mavenrun-229f8d86-112d-4182-aee3-f7c500c1d6a7] INFO  o.eclipse.m2e.core.internal.Bundles - 	Entry: C:\eclipse-jee-2023-09-R-win32-x86_64\eclipse\plugins\org.eclipse.m2e.maven.runtime_3.9.400.20230826-0755\jars\maven-resolver-util-1.9.14.jar
2024-11-07 13:32:56,945 [Worker-16: Launching mavenrun-229f8d86-112d-4182-aee3-f7c500c1d6a7] INFO  o.eclipse.m2e.core.internal.Bundles - 	Entry: C:\eclipse-jee-2023-09-R-win32-x86_64\eclipse\plugins\org.eclipse.m2e.maven.runtime_3.9.400.20230826-0755\jars\maven-settings-3.9.4.jar
2024-11-07 13:32:56,946 [Worker-16: Launching mavenrun-229f8d86-112d-4182-aee3-f7c500c1d6a7] INFO  o.eclipse.m2e.core.internal.Bundles - 	Entry: C:\eclipse-jee-2023-09-R-win32-x86_64\eclipse\plugins\org.eclipse.m2e.maven.runtime_3.9.400.20230826-0755\jars\maven-settings-builder-3.9.4.jar
2024-11-07 13:32:56,946 [Worker-16: Launching mavenrun-229f8d86-112d-4182-aee3-f7c500c1d6a7] INFO  o.eclipse.m2e.core.internal.Bundles - 	Entry: C:\eclipse-jee-2023-09-R-win32-x86_64\eclipse\plugins\org.eclipse.m2e.maven.runtime_3.9.400.20230826-0755\jars\maven-shared-utils-3.3.4.jar
2024-11-07 13:32:56,947 [Worker-16: Launching mavenrun-229f8d86-112d-4182-aee3-f7c500c1d6a7] INFO  o.eclipse.m2e.core.internal.Bundles - 	Entry: C:\eclipse-jee-2023-09-R-win32-x86_64\eclipse\plugins\org.eclipse.m2e.maven.runtime_3.9.400.20230826-0755\jars\okhttp-3.14.1.jar
2024-11-07 13:32:56,947 [Worker-16: Launching mavenrun-229f8d86-112d-4182-aee3-f7c500c1d6a7] INFO  o.eclipse.m2e.core.internal.Bundles - 	Entry: C:\eclipse-jee-2023-09-R-win32-x86_64\eclipse\plugins\org.eclipse.m2e.maven.runtime_3.9.400.20230826-0755\jars\okio-1.17.3.jar
2024-11-07 13:32:56,948 [Worker-16: Launching mavenrun-229f8d86-112d-4182-aee3-f7c500c1d6a7] INFO  o.eclipse.m2e.core.internal.Bundles - 	Entry: C:\eclipse-jee-2023-09-R-win32-x86_64\eclipse\plugins\org.eclipse.m2e.maven.runtime_3.9.400.20230826-0755\jars\org.eclipse.sisu.inject-0.3.5.jar
2024-11-07 13:32:56,948 [Worker-16: Launching mavenrun-229f8d86-112d-4182-aee3-f7c500c1d6a7] INFO  o.eclipse.m2e.core.internal.Bundles - 	Entry: C:\eclipse-jee-2023-09-R-win32-x86_64\eclipse\plugins\org.eclipse.m2e.maven.runtime_3.9.400.20230826-0755\jars\org.eclipse.sisu.plexus-0.3.5.jar
2024-11-07 13:32:56,949 [Worker-16: Launching mavenrun-229f8d86-112d-4182-aee3-f7c500c1d6a7] INFO  o.eclipse.m2e.core.internal.Bundles - 	Entry: C:\eclipse-jee-2023-09-R-win32-x86_64\eclipse\plugins\org.eclipse.m2e.maven.runtime_3.9.400.20230826-0755\jars\plexus-build-api-0.0.7.jar
2024-11-07 13:32:56,949 [Worker-16: Launching mavenrun-229f8d86-112d-4182-aee3-f7c500c1d6a7] INFO  o.eclipse.m2e.core.internal.Bundles - 	Entry: C:\eclipse-jee-2023-09-R-win32-x86_64\eclipse\plugins\org.eclipse.m2e.maven.runtime_3.9.400.20230826-0755\jars\plexus-cipher-2.0.jar
2024-11-07 13:32:56,950 [Worker-16: Launching mavenrun-229f8d86-112d-4182-aee3-f7c500c1d6a7] INFO  o.eclipse.m2e.core.internal.Bundles - 	Entry: C:\eclipse-jee-2023-09-R-win32-x86_64\eclipse\plugins\org.eclipse.m2e.maven.runtime_3.9.400.20230826-0755\jars\plexus-classworlds-2.7.0.jar
2024-11-07 13:32:56,950 [Worker-16: Launching mavenrun-229f8d86-112d-4182-aee3-f7c500c1d6a7] INFO  o.eclipse.m2e.core.internal.Bundles - 	Entry: C:\eclipse-jee-2023-09-R-win32-x86_64\eclipse\plugins\org.eclipse.m2e.maven.runtime_3.9.400.20230826-0755\jars\plexus-component-annotations-2.1.0.jar
2024-11-07 13:32:56,951 [Worker-16: Launching mavenrun-229f8d86-112d-4182-aee3-f7c500c1d6a7] INFO  o.eclipse.m2e.core.internal.Bundles - 	Entry: C:\eclipse-jee-2023-09-R-win32-x86_64\eclipse\plugins\org.eclipse.m2e.maven.runtime_3.9.400.20230826-0755\jars\plexus-interpolation-1.26.jar
2024-11-07 13:32:56,951 [Worker-16: Launching mavenrun-229f8d86-112d-4182-aee3-f7c500c1d6a7] INFO  o.eclipse.m2e.core.internal.Bundles - 	Entry: C:\eclipse-jee-2023-09-R-win32-x86_64\eclipse\plugins\org.eclipse.m2e.maven.runtime_3.9.400.20230826-0755\jars\plexus-sec-dispatcher-2.0.jar
2024-11-07 13:32:56,952 [Worker-16: Launching mavenrun-229f8d86-112d-4182-aee3-f7c500c1d6a7] INFO  o.eclipse.m2e.core.internal.Bundles - 	Entry: C:\eclipse-jee-2023-09-R-win32-x86_64\eclipse\plugins\org.eclipse.m2e.maven.runtime_3.9.400.20230826-0755\jars\plexus-utils-3.5.1.jar
2024-11-07 13:32:56,953 [Worker-16: Launching mavenrun-229f8d86-112d-4182-aee3-f7c500c1d6a7] INFO  o.eclipse.m2e.core.internal.Bundles - 	Entry: C:\eclipse-jee-2023-09-R-win32-x86_64\eclipse\plugins\org.eclipse.m2e.maven.runtime_3.9.400.20230826-0755\jars\wagon-file-3.5.3.jar
2024-11-07 13:32:56,954 [Worker-16: Launching mavenrun-229f8d86-112d-4182-aee3-f7c500c1d6a7] INFO  o.eclipse.m2e.core.internal.Bundles - 	Entry: C:\eclipse-jee-2023-09-R-win32-x86_64\eclipse\plugins\org.eclipse.m2e.maven.runtime_3.9.400.20230826-0755\jars\wagon-provider-api-3.5.3.jar
2024-11-07 13:32:56,957 [Worker-16: Launching mavenrun-229f8d86-112d-4182-aee3-f7c500c1d6a7] INFO  o.eclipse.m2e.core.internal.Bundles - getClasspathEntries(Bundle=com.google.guava_32.1.2.jre [12])
2024-11-07 13:32:56,958 [Worker-16: Launching mavenrun-229f8d86-112d-4182-aee3-f7c500c1d6a7] INFO  o.eclipse.m2e.core.internal.Bundles - 	Entry: C:\eclipse-jee-2023-09-R-win32-x86_64\eclipse\plugins\com.google.guava_32.1.2.jre.jar
2024-11-07 13:32:56,958 [Worker-16: Launching mavenrun-229f8d86-112d-4182-aee3-f7c500c1d6a7] INFO  o.eclipse.m2e.core.internal.Bundles - getClasspathEntries(Bundle=slf4j.api_2.0.7 [985])
2024-11-07 13:32:56,958 [Worker-16: Launching mavenrun-229f8d86-112d-4182-aee3-f7c500c1d6a7] INFO  o.eclipse.m2e.core.internal.Bundles - 	Entry: C:\eclipse-jee-2023-09-R-win32-x86_64\eclipse\plugins\slf4j.api_2.0.7.jar
2024-11-07 13:32:56,958 [Worker-16: Launching mavenrun-229f8d86-112d-4182-aee3-f7c500c1d6a7] INFO  o.eclipse.m2e.core.internal.Bundles - getClasspathEntries(Bundle=javax.inject_1.0.0.v20220405-0441 [38])
2024-11-07 13:32:56,959 [Worker-16: Launching mavenrun-229f8d86-112d-4182-aee3-f7c500c1d6a7] INFO  o.eclipse.m2e.core.internal.Bundles - 	Entry: C:\eclipse-jee-2023-09-R-win32-x86_64\eclipse\plugins\javax.inject_1.0.0.v20220405-0441.jar
2024-11-07 13:32:56,959 [Worker-16: Launching mavenrun-229f8d86-112d-4182-aee3-f7c500c1d6a7] INFO  o.eclipse.m2e.core.internal.Bundles - getClasspathEntries(Bundle=javax.annotation_1.3.5.v20200909-1856 [36])
2024-11-07 13:32:56,960 [Worker-16: Launching mavenrun-229f8d86-112d-4182-aee3-f7c500c1d6a7] INFO  o.eclipse.m2e.core.internal.Bundles - 	Entry: C:\eclipse-jee-2023-09-R-win32-x86_64\eclipse\plugins\javax.annotation_1.3.5.v20200909-1856.jar
2024-11-07 13:32:56,960 [Worker-16: Launching mavenrun-229f8d86-112d-4182-aee3-f7c500c1d6a7] INFO  o.eclipse.m2e.core.internal.Bundles - getClasspathEntries(Bundle=org.apache.commons.cli_1.5.0 [73])
2024-11-07 13:32:56,961 [Worker-16: Launching mavenrun-229f8d86-112d-4182-aee3-f7c500c1d6a7] INFO  o.eclipse.m2e.core.internal.Bundles - 	Entry: C:\eclipse-jee-2023-09-R-win32-x86_64\eclipse\plugins\org.apache.commons.cli_1.5.0.jar
2024-11-07 13:32:56,961 [Worker-16: Launching mavenrun-229f8d86-112d-4182-aee3-f7c500c1d6a7] INFO  o.eclipse.m2e.core.internal.Bundles - getClasspathEntries(Bundle=com.google.guava.failureaccess_1.0.1 [14])
2024-11-07 13:32:56,962 [Worker-16: Launching mavenrun-229f8d86-112d-4182-aee3-f7c500c1d6a7] INFO  o.eclipse.m2e.core.internal.Bundles - 	Entry: C:\eclipse-jee-2023-09-R-win32-x86_64\eclipse\plugins\com.google.guava.failureaccess_1.0.1.jar
2024-11-07 13:32:57,059 [Worker-16: Launching mavenrun-229f8d86-112d-4182-aee3-f7c500c1d6a7] INFO  o.e.m.i.launch.MavenLaunchDelegate - Run build in "C:\Users\owner\AppData\Local\Temp\m2e-archetypeGenerator6357580573335886447":
2024-11-07 13:32:57,063 [Worker-16: Launching mavenrun-229f8d86-112d-4182-aee3-f7c500c1d6a7] INFO  o.e.m.i.launch.MavenLaunchDelegate -  mvn  -DarchetypeGroupId=org.apache.maven.archetypes -DarchetypeArtifactId=maven-archetype-webapp -DarchetypeVersion=1.5 -DgroupId=dbp2_10 -DartifactId=roomie -Dversion=0.0.1-SNAPSHOT -Dpackage=dbp2_10.roomie -DoutputDirectory=D:\study_2024\dataBaseProgramming\Roomie -Dstyle.color=always -U archetype:generate
2024-11-07 13:33:53,848 [Worker-4: Creating maven-archetype-webapp] INFO  o.e.m.c.i.p.ProjectConfigurationManager - Collecting project info '/pom.xml' D:\study_2024\dataBaseProgramming\Roomie\roomie\pom.xml
2024-11-07 13:33:54,501 [Worker-4: Creating maven-archetype-webapp] INFO  o.e.m.c.i.e.AbstractTransferListenerAdapter - Downloading https://repo.maven.apache.org/maven2/org/apache/maven/plugins/maven-clean-plugin/3.4.0/maven-clean-plugin-3.4.0.jar
2024-11-07 13:33:54,536 [Worker-4: Creating maven-archetype-webapp] INFO  o.e.m.c.i.e.AbstractTransferListenerAdapter - Downloaded https://repo.maven.apache.org/maven2/org/apache/maven/plugins/maven-clean-plugin/3.4.0/maven-clean-plugin-3.4.0.jar
2024-11-07 13:33:54,697 [Worker-4: Creating maven-archetype-webapp] INFO  o.e.m.c.i.e.AbstractTransferListenerAdapter - Downloading https://repo.maven.apache.org/maven2/org/apache/maven/plugins/maven-compiler-plugin/3.13.0/maven-compiler-plugin-3.13.0.jar
2024-11-07 13:33:54,720 [Worker-4: Creating maven-archetype-webapp] INFO  o.e.m.c.i.e.AbstractTransferListenerAdapter - Downloaded https://repo.maven.apache.org/maven2/org/apache/maven/plugins/maven-compiler-plugin/3.13.0/maven-compiler-plugin-3.13.0.jar
2024-11-07 13:33:54,878 [Worker-4: Creating maven-archetype-webapp] INFO  o.e.m.c.i.e.AbstractTransferListenerAdapter - Downloading https://repo.maven.apache.org/maven2/org/apache/maven/plugins/maven-surefire-plugin/3.3.0/maven-surefire-plugin-3.3.0.jar
2024-11-07 13:33:54,897 [Worker-4: Creating maven-archetype-webapp] INFO  o.e.m.c.i.e.AbstractTransferListenerAdapter - Downloaded https://repo.maven.apache.org/maven2/org/apache/maven/plugins/maven-surefire-plugin/3.3.0/maven-surefire-plugin-3.3.0.jar
2024-11-07 13:33:55,060 [Worker-4: Creating maven-archetype-webapp] INFO  o.e.m.c.i.e.AbstractTransferListenerAdapter - Downloading https://repo.maven.apache.org/maven2/org/apache/maven/plugins/maven-war-plugin/3.4.0/maven-war-plugin-3.4.0.jar
2024-11-07 13:33:55,085 [Worker-4: Creating maven-archetype-webapp] INFO  o.e.m.c.i.e.AbstractTransferListenerAdapter - Downloaded https://repo.maven.apache.org/maven2/org/apache/maven/plugins/maven-war-plugin/3.4.0/maven-war-plugin-3.4.0.jar
2024-11-07 13:33:55,253 [Worker-4: Creating maven-archetype-webapp] INFO  o.e.m.c.i.e.AbstractTransferListenerAdapter - Downloading https://repo.maven.apache.org/maven2/org/apache/maven/plugins/maven-install-plugin/3.1.2/maven-install-plugin-3.1.2.jar
2024-11-07 13:33:55,268 [Worker-4: Creating maven-archetype-webapp] INFO  o.e.m.c.i.e.AbstractTransferListenerAdapter - Downloaded https://repo.maven.apache.org/maven2/org/apache/maven/plugins/maven-install-plugin/3.1.2/maven-install-plugin-3.1.2.jar
2024-11-07 13:33:55,391 [Worker-4: Creating maven-archetype-webapp] INFO  o.e.m.c.i.e.AbstractTransferListenerAdapter - Downloading https://repo.maven.apache.org/maven2/org/apache/maven/plugins/maven-deploy-plugin/3.1.2/maven-deploy-plugin-3.1.2.jar
2024-11-07 13:33:55,410 [Worker-4: Creating maven-archetype-webapp] INFO  o.e.m.c.i.e.AbstractTransferListenerAdapter - Downloaded https://repo.maven.apache.org/maven2/org/apache/maven/plugins/maven-deploy-plugin/3.1.2/maven-deploy-plugin-3.1.2.jar
2024-11-07 13:33:55,593 [Worker-4: Creating maven-archetype-webapp] INFO  o.e.m.c.i.e.AbstractTransferListenerAdapter - Downloading https://repo.maven.apache.org/maven2/org/apache/maven/plugins/maven-compiler-plugin/3.13.0/maven-compiler-plugin-3.13.0.pom
2024-11-07 13:33:55,610 [Worker-4: Creating maven-archetype-webapp] INFO  o.e.m.c.i.e.AbstractTransferListenerAdapter - Downloaded https://repo.maven.apache.org/maven2/org/apache/maven/plugins/maven-compiler-plugin/3.13.0/maven-compiler-plugin-3.13.0.pom
2024-11-07 13:33:55,636 [Worker-4: Creating maven-archetype-webapp] INFO  o.e.m.c.i.e.AbstractTransferListenerAdapter - Downloading https://repo.maven.apache.org/maven2/org/apache/maven/plugins/maven-plugins/41/maven-plugins-41.pom
2024-11-07 13:33:55,656 [Worker-4: Creating maven-archetype-webapp] INFO  o.e.m.c.i.e.AbstractTransferListenerAdapter - Downloaded https://repo.maven.apache.org/maven2/org/apache/maven/plugins/maven-plugins/41/maven-plugins-41.pom
2024-11-07 13:33:55,862 [Worker-4: Creating maven-archetype-webapp] INFO  o.e.m.c.i.e.AbstractTransferListenerAdapter - Downloading https://repo.maven.apache.org/maven2/org/codehaus/plexus/plexus-java/1.2.0/plexus-java-1.2.0.pom
2024-11-07 13:33:55,883 [Worker-4: Creating maven-archetype-webapp] INFO  o.e.m.c.i.e.AbstractTransferListenerAdapter - Downloaded https://repo.maven.apache.org/maven2/org/codehaus/plexus/plexus-java/1.2.0/plexus-java-1.2.0.pom
2024-11-07 13:33:55,906 [Worker-4: Creating maven-archetype-webapp] INFO  o.e.m.c.i.e.AbstractTransferListenerAdapter - Downloading https://repo.maven.apache.org/maven2/org/codehaus/plexus/plexus-languages/1.2.0/plexus-languages-1.2.0.pom
2024-11-07 13:33:55,921 [Worker-4: Creating maven-archetype-webapp] INFO  o.e.m.c.i.e.AbstractTransferListenerAdapter - Downloaded https://repo.maven.apache.org/maven2/org/codehaus/plexus/plexus-languages/1.2.0/plexus-languages-1.2.0.pom
2024-11-07 13:33:55,940 [Worker-4: Creating maven-archetype-webapp] INFO  o.e.m.c.i.e.AbstractTransferListenerAdapter - Downloading https://repo.maven.apache.org/maven2/org/codehaus/plexus/plexus/15/plexus-15.pom
2024-11-07 13:33:55,956 [Worker-4: Creating maven-archetype-webapp] INFO  o.e.m.c.i.e.AbstractTransferListenerAdapter - Downloaded https://repo.maven.apache.org/maven2/org/codehaus/plexus/plexus/15/plexus-15.pom
2024-11-07 13:33:55,979 [Worker-4: Creating maven-archetype-webapp] INFO  o.e.m.c.i.e.AbstractTransferListenerAdapter - Downloading https://repo.maven.apache.org/maven2/org/junit/junit-bom/5.10.0/junit-bom-5.10.0.pom
2024-11-07 13:33:55,998 [Worker-4: Creating maven-archetype-webapp] INFO  o.e.m.c.i.e.AbstractTransferListenerAdapter - Downloaded https://repo.maven.apache.org/maven2/org/junit/junit-bom/5.10.0/junit-bom-5.10.0.pom
2024-11-07 13:33:56,024 [Worker-4: Creating maven-archetype-webapp] INFO  o.e.m.c.i.e.AbstractTransferListenerAdapter - Downloading https://repo.maven.apache.org/maven2/org/ow2/asm/asm/9.6/asm-9.6.pom
2024-11-07 13:33:56,044 [Worker-4: Creating maven-archetype-webapp] INFO  o.e.m.c.i.e.AbstractTransferListenerAdapter - Downloaded https://repo.maven.apache.org/maven2/org/ow2/asm/asm/9.6/asm-9.6.pom
2024-11-07 13:33:56,101 [Worker-4: Creating maven-archetype-webapp] INFO  o.e.m.c.i.e.AbstractTransferListenerAdapter - Downloading https://repo.maven.apache.org/maven2/org/codehaus/plexus/plexus-compiler-api/2.15.0/plexus-compiler-api-2.15.0.pom
2024-11-07 13:33:56,122 [Worker-4: Creating maven-archetype-webapp] INFO  o.e.m.c.i.e.AbstractTransferListenerAdapter - Downloaded https://repo.maven.apache.org/maven2/org/codehaus/plexus/plexus-compiler-api/2.15.0/plexus-compiler-api-2.15.0.pom
2024-11-07 13:33:56,155 [Worker-4: Creating maven-archetype-webapp] INFO  o.e.m.c.i.e.AbstractTransferListenerAdapter - Downloading https://repo.maven.apache.org/maven2/org/codehaus/plexus/plexus-compiler/2.15.0/plexus-compiler-2.15.0.pom
2024-11-07 13:33:56,185 [Worker-4: Creating maven-archetype-webapp] INFO  o.e.m.c.i.e.AbstractTransferListenerAdapter - Downloaded https://repo.maven.apache.org/maven2/org/codehaus/plexus/plexus-compiler/2.15.0/plexus-compiler-2.15.0.pom
2024-11-07 13:33:56,224 [Worker-4: Creating maven-archetype-webapp] INFO  o.e.m.c.i.e.AbstractTransferListenerAdapter - Downloading https://repo.maven.apache.org/maven2/org/codehaus/plexus/plexus-utils/4.0.0/plexus-utils-4.0.0.pom
2024-11-07 13:33:56,244 [Worker-4: Creating maven-archetype-webapp] INFO  o.e.m.c.i.e.AbstractTransferListenerAdapter - Downloaded https://repo.maven.apache.org/maven2/org/codehaus/plexus/plexus-utils/4.0.0/plexus-utils-4.0.0.pom
2024-11-07 13:33:56,266 [Worker-4: Creating maven-archetype-webapp] INFO  o.e.m.c.i.e.AbstractTransferListenerAdapter - Downloading https://repo.maven.apache.org/maven2/org/codehaus/plexus/plexus/13/plexus-13.pom
2024-11-07 13:33:56,293 [Worker-4: Creating maven-archetype-webapp] INFO  o.e.m.c.i.e.AbstractTransferListenerAdapter - Downloaded https://repo.maven.apache.org/maven2/org/codehaus/plexus/plexus/13/plexus-13.pom
2024-11-07 13:33:56,320 [Worker-4: Creating maven-archetype-webapp] INFO  o.e.m.c.i.e.AbstractTransferListenerAdapter - Downloading https://repo.maven.apache.org/maven2/org/junit/junit-bom/5.9.3/junit-bom-5.9.3.pom
2024-11-07 13:33:56,337 [Worker-4: Creating maven-archetype-webapp] INFO  o.e.m.c.i.e.AbstractTransferListenerAdapter - Downloaded https://repo.maven.apache.org/maven2/org/junit/junit-bom/5.9.3/junit-bom-5.9.3.pom
2024-11-07 13:33:56,361 [Worker-4: Creating maven-archetype-webapp] INFO  o.e.m.c.i.e.AbstractTransferListenerAdapter - Downloading https://repo.maven.apache.org/maven2/org/codehaus/plexus/plexus-compiler-manager/2.15.0/plexus-compiler-manager-2.15.0.pom
2024-11-07 13:33:56,382 [Worker-4: Creating maven-archetype-webapp] INFO  o.e.m.c.i.e.AbstractTransferListenerAdapter - Downloaded https://repo.maven.apache.org/maven2/org/codehaus/plexus/plexus-compiler-manager/2.15.0/plexus-compiler-manager-2.15.0.pom
2024-11-07 13:33:56,409 [Worker-4: Creating maven-archetype-webapp] INFO  o.e.m.c.i.e.AbstractTransferListenerAdapter - Downloading https://repo.maven.apache.org/maven2/org/codehaus/plexus/plexus-xml/3.0.0/plexus-xml-3.0.0.pom
2024-11-07 13:33:56,434 [Worker-4: Creating maven-archetype-webapp] INFO  o.e.m.c.i.e.AbstractTransferListenerAdapter - Downloaded https://repo.maven.apache.org/maven2/org/codehaus/plexus/plexus-xml/3.0.0/plexus-xml-3.0.0.pom
2024-11-07 13:33:56,457 [Worker-4: Creating maven-archetype-webapp] INFO  o.e.m.c.i.e.AbstractTransferListenerAdapter - Downloading https://repo.maven.apache.org/maven2/org/codehaus/plexus/plexus-compiler-javac/2.15.0/plexus-compiler-javac-2.15.0.pom
2024-11-07 13:33:56,474 [Worker-4: Creating maven-archetype-webapp] INFO  o.e.m.c.i.e.AbstractTransferListenerAdapter - Downloaded https://repo.maven.apache.org/maven2/org/codehaus/plexus/plexus-compiler-javac/2.15.0/plexus-compiler-javac-2.15.0.pom
2024-11-07 13:33:56,492 [Worker-4: Creating maven-archetype-webapp] INFO  o.e.m.c.i.e.AbstractTransferListenerAdapter - Downloading https://repo.maven.apache.org/maven2/org/codehaus/plexus/plexus-compilers/2.15.0/plexus-compilers-2.15.0.pom
2024-11-07 13:33:56,506 [Worker-4: Creating maven-archetype-webapp] INFO  o.e.m.c.i.e.AbstractTransferListenerAdapter - Downloaded https://repo.maven.apache.org/maven2/org/codehaus/plexus/plexus-compilers/2.15.0/plexus-compilers-2.15.0.pom
2024-11-07 13:33:56,615 [AetherRepositoryConnector-repo.maven.apache.org-0-0] INFO  o.e.m.c.i.e.AbstractTransferListenerAdapter - Downloading https://repo.maven.apache.org/maven2/org/codehaus/plexus/plexus-java/1.2.0/plexus-java-1.2.0.jar
2024-11-07 13:33:56,622 [AetherRepositoryConnector-repo.maven.apache.org-0-1] INFO  o.e.m.c.i.e.AbstractTransferListenerAdapter - Downloading https://repo.maven.apache.org/maven2/org/ow2/asm/asm/9.6/asm-9.6.jar
2024-11-07 13:33:56,650 [AetherRepositoryConnector-repo.maven.apache.org-0-0] INFO  o.e.m.c.i.e.AbstractTransferListenerAdapter - Downloaded https://repo.maven.apache.org/maven2/org/codehaus/plexus/plexus-java/1.2.0/plexus-java-1.2.0.jar
2024-11-07 13:33:56,656 [AetherRepositoryConnector-repo.maven.apache.org-0-2] INFO  o.e.m.c.i.e.AbstractTransferListenerAdapter - Downloading https://repo.maven.apache.org/maven2/org/codehaus/plexus/plexus-compiler-api/2.15.0/plexus-compiler-api-2.15.0.jar
2024-11-07 13:33:56,656 [AetherRepositoryConnector-repo.maven.apache.org-0-3] INFO  o.e.m.c.i.e.AbstractTransferListenerAdapter - Downloading https://repo.maven.apache.org/maven2/org/codehaus/plexus/plexus-compiler-manager/2.15.0/plexus-compiler-manager-2.15.0.jar
2024-11-07 13:33:56,656 [AetherRepositoryConnector-repo.maven.apache.org-0-4] INFO  o.e.m.c.i.e.AbstractTransferListenerAdapter - Downloading https://repo.maven.apache.org/maven2/org/codehaus/plexus/plexus-xml/3.0.0/plexus-xml-3.0.0.jar
2024-11-07 13:33:56,673 [AetherRepositoryConnector-repo.maven.apache.org-0-1] INFO  o.e.m.c.i.e.AbstractTransferListenerAdapter - Downloaded https://repo.maven.apache.org/maven2/org/ow2/asm/asm/9.6/asm-9.6.jar
2024-11-07 13:33:56,676 [AetherRepositoryConnector-repo.maven.apache.org-0-0] INFO  o.e.m.c.i.e.AbstractTransferListenerAdapter - Downloading https://repo.maven.apache.org/maven2/org/codehaus/plexus/plexus-compiler-javac/2.15.0/plexus-compiler-javac-2.15.0.jar
2024-11-07 13:33:56,681 [AetherRepositoryConnector-repo.maven.apache.org-0-2] INFO  o.e.m.c.i.e.AbstractTransferListenerAdapter - Downloaded https://repo.maven.apache.org/maven2/org/codehaus/plexus/plexus-compiler-api/2.15.0/plexus-compiler-api-2.15.0.jar
2024-11-07 13:33:56,681 [AetherRepositoryConnector-repo.maven.apache.org-0-3] INFO  o.e.m.c.i.e.AbstractTransferListenerAdapter - Downloaded https://repo.maven.apache.org/maven2/org/codehaus/plexus/plexus-compiler-manager/2.15.0/plexus-compiler-manager-2.15.0.jar
2024-11-07 13:33:56,693 [AetherRepositoryConnector-repo.maven.apache.org-0-1] INFO  o.e.m.c.i.e.AbstractTransferListenerAdapter - Downloading https://repo.maven.apache.org/maven2/org/codehaus/plexus/plexus-utils/4.0.0/plexus-utils-4.0.0.jar
2024-11-07 13:33:56,698 [AetherRepositoryConnector-repo.maven.apache.org-0-4] INFO  o.e.m.c.i.e.AbstractTransferListenerAdapter - Downloaded https://repo.maven.apache.org/maven2/org/codehaus/plexus/plexus-xml/3.0.0/plexus-xml-3.0.0.jar
2024-11-07 13:33:56,746 [AetherRepositoryConnector-repo.maven.apache.org-0-0] INFO  o.e.m.c.i.e.AbstractTransferListenerAdapter - Downloaded https://repo.maven.apache.org/maven2/org/codehaus/plexus/plexus-compiler-javac/2.15.0/plexus-compiler-javac-2.15.0.jar
2024-11-07 13:33:56,754 [AetherRepositoryConnector-repo.maven.apache.org-0-1] INFO  o.e.m.c.i.e.AbstractTransferListenerAdapter - Downloaded https://repo.maven.apache.org/maven2/org/codehaus/plexus/plexus-utils/4.0.0/plexus-utils-4.0.0.jar
2024-11-07 13:33:57,224 [Worker-4: Creating maven-archetype-webapp] INFO  o.e.m.c.i.l.LifecycleMappingFactory - Using org.maven.ide.eclipse.wtp.WarLifecycleMapping lifecycle mapping for MavenProject: dbp2_10:roomie:0.0.1-SNAPSHOT @ D:\study_2024\dataBaseProgramming\Roomie\roomie\pom.xml.
2024-11-07 13:33:57,300 [Worker-4: Creating maven-archetype-webapp] INFO  o.e.m.c.i.e.AbstractTransferListenerAdapter - Downloading https://repo.maven.apache.org/maven2/junit/junit/4.13.1/junit-4.13.1.pom
2024-11-07 13:33:57,323 [Worker-4: Creating maven-archetype-webapp] INFO  o.e.m.c.i.e.AbstractTransferListenerAdapter - Downloaded https://repo.maven.apache.org/maven2/junit/junit/4.13.1/junit-4.13.1.pom
2024-11-07 13:33:57,367 [Worker-4: Creating maven-archetype-webapp] INFO  o.e.m.c.i.e.AbstractTransferListenerAdapter - Downloading https://repo.maven.apache.org/maven2/junit/junit/4.13.1/junit-4.13.1.jar
2024-11-07 13:33:57,776 [Worker-4: Creating maven-archetype-webapp] INFO  o.e.m.c.i.e.AbstractTransferListenerAdapter - Downloaded https://repo.maven.apache.org/maven2/junit/junit/4.13.1/junit-4.13.1.jar
2024-11-07 13:33:57,987 [Worker-4: Creating maven-archetype-webapp] INFO  o.e.m.c.i.e.AbstractTransferListenerAdapter - Downloading https://repo.maven.apache.org/maven2/org/apache/maven/plugins/maven-surefire-plugin/3.3.0/maven-surefire-plugin-3.3.0.pom
2024-11-07 13:33:58,000 [Worker-4: Creating maven-archetype-webapp] INFO  o.e.m.c.i.e.AbstractTransferListenerAdapter - Downloaded https://repo.maven.apache.org/maven2/org/apache/maven/plugins/maven-surefire-plugin/3.3.0/maven-surefire-plugin-3.3.0.pom
2024-11-07 13:33:58,025 [Worker-4: Creating maven-archetype-webapp] INFO  o.e.m.c.i.e.AbstractTransferListenerAdapter - Downloading https://repo.maven.apache.org/maven2/org/apache/maven/surefire/surefire/3.3.0/surefire-3.3.0.pom
2024-11-07 13:33:58,043 [Worker-4: Creating maven-archetype-webapp] INFO  o.e.m.c.i.e.AbstractTransferListenerAdapter - Downloaded https://repo.maven.apache.org/maven2/org/apache/maven/surefire/surefire/3.3.0/surefire-3.3.0.pom
2024-11-07 13:33:58,094 [Worker-4: Creating maven-archetype-webapp] INFO  o.e.m.c.i.e.AbstractTransferListenerAdapter - Downloading https://repo.maven.apache.org/maven2/org/apache/maven/plugins/maven-war-plugin/3.4.0/maven-war-plugin-3.4.0.pom
2024-11-07 13:33:58,123 [Worker-4: Creating maven-archetype-webapp] INFO  o.e.m.c.i.e.AbstractTransferListenerAdapter - Downloaded https://repo.maven.apache.org/maven2/org/apache/maven/plugins/maven-war-plugin/3.4.0/maven-war-plugin-3.4.0.pom
2024-11-07 13:33:58,278 [Worker-4: Creating maven-archetype-webapp] INFO  o.e.m.c.i.e.AbstractTransferListenerAdapter - Downloading https://repo.maven.apache.org/maven2/commons-io/commons-io/2.13.0/commons-io-2.13.0.pom
2024-11-07 13:33:58,296 [Worker-4: Creating maven-archetype-webapp] INFO  o.e.m.c.i.e.AbstractTransferListenerAdapter - Downloaded https://repo.maven.apache.org/maven2/commons-io/commons-io/2.13.0/commons-io-2.13.0.pom
2024-11-07 13:33:58,313 [Worker-4: Creating maven-archetype-webapp] INFO  o.e.m.c.i.e.AbstractTransferListenerAdapter - Downloading https://repo.maven.apache.org/maven2/org/apache/commons/commons-parent/58/commons-parent-58.pom
2024-11-07 13:33:58,341 [Worker-4: Creating maven-archetype-webapp] INFO  o.e.m.c.i.e.AbstractTransferListenerAdapter - Downloaded https://repo.maven.apache.org/maven2/org/apache/commons/commons-parent/58/commons-parent-58.pom
2024-11-07 13:33:58,366 [Worker-4: Creating maven-archetype-webapp] INFO  o.e.m.c.i.e.AbstractTransferListenerAdapter - Downloading https://repo.maven.apache.org/maven2/org/codehaus/plexus/plexus-archiver/4.7.1/plexus-archiver-4.7.1.pom
2024-11-07 13:33:58,381 [Worker-4: Creating maven-archetype-webapp] INFO  o.e.m.c.i.e.AbstractTransferListenerAdapter - Downloaded https://repo.maven.apache.org/maven2/org/codehaus/plexus/plexus-archiver/4.7.1/plexus-archiver-4.7.1.pom
2024-11-07 13:33:58,400 [Worker-4: Creating maven-archetype-webapp] INFO  o.e.m.c.i.e.AbstractTransferListenerAdapter - Downloading https://repo.maven.apache.org/maven2/org/codehaus/plexus/plexus-io/3.4.1/plexus-io-3.4.1.pom
2024-11-07 13:33:58,422 [Worker-4: Creating maven-archetype-webapp] INFO  o.e.m.c.i.e.AbstractTransferListenerAdapter - Downloaded https://repo.maven.apache.org/maven2/org/codehaus/plexus/plexus-io/3.4.1/plexus-io-3.4.1.pom
2024-11-07 13:33:58,444 [Worker-4: Creating maven-archetype-webapp] INFO  o.e.m.c.i.e.AbstractTransferListenerAdapter - Downloading https://repo.maven.apache.org/maven2/org/apache/commons/commons-compress/1.23.0/commons-compress-1.23.0.pom
2024-11-07 13:33:58,460 [Worker-4: Creating maven-archetype-webapp] INFO  o.e.m.c.i.e.AbstractTransferListenerAdapter - Downloaded https://repo.maven.apache.org/maven2/org/apache/commons/commons-compress/1.23.0/commons-compress-1.23.0.pom
2024-11-07 13:33:58,480 [Worker-4: Creating maven-archetype-webapp] INFO  o.e.m.c.i.e.AbstractTransferListenerAdapter - Downloading https://repo.maven.apache.org/maven2/org/apache/commons/commons-parent/56/commons-parent-56.pom
2024-11-07 13:33:58,512 [Worker-4: Creating maven-archetype-webapp] INFO  o.e.m.c.i.e.AbstractTransferListenerAdapter - Downloaded https://repo.maven.apache.org/maven2/org/apache/commons/commons-parent/56/commons-parent-56.pom
2024-11-07 13:33:58,543 [Worker-4: Creating maven-archetype-webapp] INFO  o.e.m.c.i.e.AbstractTransferListenerAdapter - Downloading https://repo.maven.apache.org/maven2/com/github/luben/zstd-jni/1.5.5-2/zstd-jni-1.5.5-2.pom
2024-11-07 13:33:58,562 [Worker-4: Creating maven-archetype-webapp] INFO  o.e.m.c.i.e.AbstractTransferListenerAdapter - Downloaded https://repo.maven.apache.org/maven2/com/github/luben/zstd-jni/1.5.5-2/zstd-jni-1.5.5-2.pom
2024-11-07 13:33:58,664 [Worker-4: Creating maven-archetype-webapp] INFO  o.e.m.c.i.e.AbstractTransferListenerAdapter - Downloading https://repo.maven.apache.org/maven2/org/apache/maven/maven-settings/3.2.5/maven-settings-3.2.5.pom
2024-11-07 13:33:58,682 [Worker-4: Creating maven-archetype-webapp] INFO  o.e.m.c.i.e.AbstractTransferListenerAdapter - Downloaded https://repo.maven.apache.org/maven2/org/apache/maven/maven-settings/3.2.5/maven-settings-3.2.5.pom
2024-11-07 13:33:58,702 [Worker-4: Creating maven-archetype-webapp] INFO  o.e.m.c.i.e.AbstractTransferListenerAdapter - Downloading https://repo.maven.apache.org/maven2/org/apache/maven/maven/3.2.5/maven-3.2.5.pom
2024-11-07 13:33:58,718 [Worker-4: Creating maven-archetype-webapp] INFO  o.e.m.c.i.e.AbstractTransferListenerAdapter - Downloaded https://repo.maven.apache.org/maven2/org/apache/maven/maven/3.2.5/maven-3.2.5.pom
2024-11-07 13:33:58,872 [Worker-4: Creating maven-archetype-webapp] INFO  o.e.m.c.i.e.AbstractTransferListenerAdapter - Downloading https://repo.maven.apache.org/maven2/org/codehaus/plexus/plexus-component-annotations/1.5.4/plexus-component-annotations-1.5.4.pom
2024-11-07 13:33:58,886 [Worker-4: Creating maven-archetype-webapp] INFO  o.e.m.c.i.e.AbstractTransferListenerAdapter - Downloaded https://repo.maven.apache.org/maven2/org/codehaus/plexus/plexus-component-annotations/1.5.4/plexus-component-annotations-1.5.4.pom
2024-11-07 13:33:58,910 [Worker-4: Creating maven-archetype-webapp] INFO  o.e.m.c.i.e.AbstractTransferListenerAdapter - Downloading https://repo.maven.apache.org/maven2/org/codehaus/plexus/plexus-containers/1.5.4/plexus-containers-1.5.4.pom
2024-11-07 13:33:58,926 [Worker-4: Creating maven-archetype-webapp] INFO  o.e.m.c.i.e.AbstractTransferListenerAdapter - Downloaded https://repo.maven.apache.org/maven2/org/codehaus/plexus/plexus-containers/1.5.4/plexus-containers-1.5.4.pom
2024-11-07 13:33:58,948 [Worker-4: Creating maven-archetype-webapp] INFO  o.e.m.c.i.e.AbstractTransferListenerAdapter - Downloading https://repo.maven.apache.org/maven2/org/codehaus/plexus/plexus/2.0.5/plexus-2.0.5.pom
2024-11-07 13:33:58,969 [Worker-4: Creating maven-archetype-webapp] INFO  o.e.m.c.i.e.AbstractTransferListenerAdapter - Downloaded https://repo.maven.apache.org/maven2/org/codehaus/plexus/plexus/2.0.5/plexus-2.0.5.pom
2024-11-07 13:33:59,235 [AetherRepositoryConnector-repo.maven.apache.org-1-0] INFO  o.e.m.c.i.e.AbstractTransferListenerAdapter - Downloading https://repo.maven.apache.org/maven2/commons-io/commons-io/2.13.0/commons-io-2.13.0.jar
2024-11-07 13:33:59,377 [AetherRepositoryConnector-repo.maven.apache.org-1-1] INFO  o.e.m.c.i.e.AbstractTransferListenerAdapter - Downloading https://repo.maven.apache.org/maven2/org/codehaus/plexus/plexus-archiver/4.7.1/plexus-archiver-4.7.1.jar
2024-11-07 13:33:59,385 [AetherRepositoryConnector-repo.maven.apache.org-1-3] INFO  o.e.m.c.i.e.AbstractTransferListenerAdapter - Downloading https://repo.maven.apache.org/maven2/com/github/luben/zstd-jni/1.5.5-2/zstd-jni-1.5.5-2.jar
2024-11-07 13:33:59,504 [AetherRepositoryConnector-repo.maven.apache.org-1-2] INFO  o.e.m.c.i.e.AbstractTransferListenerAdapter - Downloading https://repo.maven.apache.org/maven2/org/apache/commons/commons-compress/1.23.0/commons-compress-1.23.0.jar
2024-11-07 13:33:59,593 [AetherRepositoryConnector-repo.maven.apache.org-1-0] INFO  o.e.m.c.i.e.AbstractTransferListenerAdapter - Downloaded https://repo.maven.apache.org/maven2/commons-io/commons-io/2.13.0/commons-io-2.13.0.jar
2024-11-07 13:33:59,728 [AetherRepositoryConnector-repo.maven.apache.org-1-1] INFO  o.e.m.c.i.e.AbstractTransferListenerAdapter - Downloaded https://repo.maven.apache.org/maven2/org/codehaus/plexus/plexus-archiver/4.7.1/plexus-archiver-4.7.1.jar
2024-11-07 13:34:00,479 [AetherRepositoryConnector-repo.maven.apache.org-1-2] INFO  o.e.m.c.i.e.AbstractTransferListenerAdapter - Downloaded https://repo.maven.apache.org/maven2/org/apache/commons/commons-compress/1.23.0/commons-compress-1.23.0.jar
2024-11-07 13:34:01,737 [AetherRepositoryConnector-repo.maven.apache.org-1-3] INFO  o.e.m.c.i.e.AbstractTransferListenerAdapter - Downloaded https://repo.maven.apache.org/maven2/com/github/luben/zstd-jni/1.5.5-2/zstd-jni-1.5.5-2.jar
2024-11-07 13:34:02,592 [Worker-4: Creating maven-archetype-webapp] INFO  o.e.m.j.i.AbstractJavaProjectConfigurator - Adding source folder /roomie/src/main/java
2024-11-07 13:34:02,593 [Worker-4: Creating maven-archetype-webapp] INFO  o.e.m.j.i.AbstractJavaProjectConfigurator - Adding resource folder /roomie/src/main/resources
2024-11-07 13:34:02,594 [Worker-4: Creating maven-archetype-webapp] INFO  o.e.m.j.i.AbstractJavaProjectConfigurator - Adding source folder /roomie/src/test/java
2024-11-07 13:34:02,595 [Worker-4: Creating maven-archetype-webapp] INFO  o.e.m.j.i.AbstractJavaProjectConfigurator - Adding resource folder /roomie/src/test/resources
2024-11-07 13:34:03,376 [Worker-23: Download sources and javadoc] INFO  o.e.m.c.i.e.AbstractTransferListenerAdapter - Downloading https://repo.maven.apache.org/maven2/junit/junit/4.13.1/junit-4.13.1-sources.jar
2024-11-07 13:34:03,469 [Worker-23: Download sources and javadoc] INFO  o.e.m.c.i.e.AbstractTransferListenerAdapter - Downloaded https://repo.maven.apache.org/maven2/junit/junit/4.13.1/junit-4.13.1-sources.jar
2024-11-07 13:34:03,479 [Worker-23: Download sources and javadoc] INFO  o.e.m.j.internal.DownloadSourcesJob - Downloaded sources for junit:junit:4.13.1
2024-11-07 13:34:05,148 [Worker-4: Creating maven-archetype-webapp] INFO  o.e.m.c.i.e.AbstractTransferListenerAdapter - Downloading https://repo.maven.apache.org/maven2/org/apache/maven/plugins/maven-clean-plugin/3.4.0/maven-clean-plugin-3.4.0.pom
2024-11-07 13:34:05,165 [Worker-4: Creating maven-archetype-webapp] INFO  o.e.m.c.i.e.AbstractTransferListenerAdapter - Downloaded https://repo.maven.apache.org/maven2/org/apache/maven/plugins/maven-clean-plugin/3.4.0/maven-clean-plugin-3.4.0.pom
2024-11-07 13:34:05,203 [Worker-4: Creating maven-archetype-webapp] INFO  o.e.m.c.i.e.AbstractTransferListenerAdapter - Downloading https://repo.maven.apache.org/maven2/org/apache/maven/plugins/maven-plugins/42/maven-plugins-42.pom
2024-11-07 13:34:05,231 [Worker-4: Creating maven-archetype-webapp] INFO  o.e.m.c.i.e.AbstractTransferListenerAdapter - Downloaded https://repo.maven.apache.org/maven2/org/apache/maven/plugins/maven-plugins/42/maven-plugins-42.pom
2024-11-07 13:34:05,364 [Worker-4: Creating maven-archetype-webapp] INFO  o.e.m.c.i.p.ProjectConfigurationManager - Imported and configured 1 project(s) in 11 sec
2024-11-07 13:34:06,398 [Worker-29: Building] INFO  o.a.m.s.f.DefaultMavenResourcesFiltering - skip non existing resourceDirectory D:\study_2024\dataBaseProgramming\Roomie\roomie\src\main\resources
2024-11-07 13:34:06,405 [Worker-29: Building] INFO  o.a.m.s.f.DefaultMavenResourcesFiltering - skip non existing resourceDirectory D:\study_2024\dataBaseProgramming\Roomie\roomie\src\test\resources
2024-11-07 13:40:56,243 [Worker-4: Building Project roomie] INFO  o.a.m.s.f.DefaultMavenResourcesFiltering - Copying 0 resource from src\main\resources to target\classes
2024-11-07 13:40:56,246 [Worker-4: Building Project roomie] INFO  o.a.m.s.f.DefaultMavenResourcesFiltering - skip non existing resourceDirectory D:\study_2024\dataBaseProgramming\Roomie\roomie\src\test\resources
2024-11-07 13:50:06,820 [Worker-33: Building] INFO  o.a.m.s.f.DefaultMavenResourcesFiltering - Copying 0 resource from src\main\resources to target\classes
2024-11-07 13:50:06,824 [Worker-33: Building] INFO  o.a.m.s.f.DefaultMavenResourcesFiltering - skip non existing resourceDirectory D:\study_2024\dataBaseProgramming\Roomie\roomie\src\test\resources
2024-11-07 13:54:31,716 [Worker-37: Cleaning all projects] INFO  o.e.m.w.i.f.ResourceFilteringBuildParticipant - Cleaning filtered folder for roomie
2024-11-07 13:54:31,890 [Worker-30: Building] INFO  o.a.m.s.f.DefaultMavenResourcesFiltering - Copying 0 resource from src\main\resources to target\classes
2024-11-07 13:54:31,895 [Worker-30: Building] INFO  o.a.m.s.f.DefaultMavenResourcesFiltering - skip non existing resourceDirectory D:\study_2024\dataBaseProgramming\Roomie\roomie\src\test\resources
2024-11-07 13:54:31,895 [Worker-30: Building] INFO  o.e.m.w.i.f.ResourceFilteringBuildParticipant - Changed resources require a complete clean of filtered resources of roomie
2024-11-07 13:54:31,896 [Worker-30: Building] INFO  o.e.m.w.i.f.ResourceFilteringBuildParticipant - Executing resource filtering for roomie
2024-11-07 13:54:47,556 [Worker-30: Building] INFO  o.a.m.s.f.DefaultMavenResourcesFiltering - Copying 0 resource from src\main\resources to target\classes
2024-11-07 13:54:47,559 [Worker-30: Building] INFO  o.a.m.s.f.DefaultMavenResourcesFiltering - skip non existing resourceDirectory D:\study_2024\dataBaseProgramming\Roomie\roomie\src\test\resources
2024-11-07 13:57:31,723 [Worker-4: Loading available Gradle versions] INFO  o.e.b.c.i.u.g.PublishedGradleVersions - Gradle version information cache is up-to-date. Trying to read.
2024-11-07 14:00:42,105 [Worker-22: Building] INFO  o.a.m.s.f.DefaultMavenResourcesFiltering - Copying 0 resource from src\main\resources to target\classes
2024-11-07 14:00:42,122 [Worker-22: Building] INFO  o.a.m.s.f.DefaultMavenResourcesFiltering - skip non existing resourceDirectory D:\study_2024\dataBaseProgramming\Roomie\roomie\src\test\resources
2024-11-07 14:11:21,837 [Worker-26: Cleaning all projects] INFO  o.e.m.w.i.f.ResourceFilteringBuildParticipant - Cleaning filtered folder for roomie
2024-11-07 14:11:22,324 [Worker-25: Building] INFO  o.a.m.s.f.DefaultMavenResourcesFiltering - Copying 0 resource from src\main\resources to target\classes
2024-11-07 14:11:22,330 [Worker-25: Building] INFO  o.a.m.s.f.DefaultMavenResourcesFiltering - skip non existing resourceDirectory D:\study_2024\dataBaseProgramming\Roomie\roomie\src\test\resources
2024-11-07 14:11:22,330 [Worker-25: Building] INFO  o.e.m.w.i.f.ResourceFilteringBuildParticipant - Changed resources require a complete clean of filtered resources of roomie
2024-11-07 14:11:22,332 [Worker-25: Building] INFO  o.e.m.w.i.f.ResourceFilteringBuildParticipant - Executing resource filtering for roomie
2024-11-07 14:12:16,018 [Worker-17: Building] INFO  o.a.m.s.f.DefaultMavenResourcesFiltering - Copying 0 resource from src\main\resources to target\classes
2024-11-07 14:12:16,023 [Worker-17: Building] INFO  o.a.m.s.f.DefaultMavenResourcesFiltering - skip non existing resourceDirectory D:\study_2024\dataBaseProgramming\Roomie\roomie\src\test\resources
2024-11-07 14:12:37,397 [Worker-27: Building] INFO  o.a.m.s.f.DefaultMavenResourcesFiltering - Copying 0 resource from src\main\resources to target\classes
2024-11-07 14:12:37,403 [Worker-27: Building] INFO  o.a.m.s.f.DefaultMavenResourcesFiltering - skip non existing resourceDirectory D:\study_2024\dataBaseProgramming\Roomie\roomie\src\test\resources
2024-11-07 14:12:50,470 [Worker-26: Building] INFO  o.a.m.s.f.DefaultMavenResourcesFiltering - Copying 0 resource from src\main\resources to target\classes
2024-11-07 14:12:50,474 [Worker-26: Building] INFO  o.a.m.s.f.DefaultMavenResourcesFiltering - skip non existing resourceDirectory D:\study_2024\dataBaseProgramming\Roomie\roomie\src\test\resources
2024-11-07 14:13:00,024 [Worker-27: Building] INFO  o.a.m.s.f.DefaultMavenResourcesFiltering - Copying 0 resource from src\main\resources to target\classes
2024-11-07 14:13:00,032 [Worker-27: Building] INFO  o.a.m.s.f.DefaultMavenResourcesFiltering - skip non existing resourceDirectory D:\study_2024\dataBaseProgramming\Roomie\roomie\src\test\resources
2024-11-07 14:13:11,233 [Worker-26: Building] INFO  o.a.m.s.f.DefaultMavenResourcesFiltering - Copying 0 resource from src\main\resources to target\classes
2024-11-07 14:13:11,236 [Worker-26: Building] INFO  o.a.m.s.f.DefaultMavenResourcesFiltering - skip non existing resourceDirectory D:\study_2024\dataBaseProgramming\Roomie\roomie\src\test\resources
2024-11-07 14:13:19,813 [Worker-28: Building] INFO  o.a.m.s.f.DefaultMavenResourcesFiltering - Copying 0 resource from src\main\resources to target\classes
2024-11-07 14:13:19,817 [Worker-28: Building] INFO  o.a.m.s.f.DefaultMavenResourcesFiltering - skip non existing resourceDirectory D:\study_2024\dataBaseProgramming\Roomie\roomie\src\test\resources
2024-11-07 14:13:41,062 [Worker-17: Building] INFO  o.a.m.s.f.DefaultMavenResourcesFiltering - Copying 0 resource from src\main\resources to target\classes
2024-11-07 14:13:41,067 [Worker-17: Building] INFO  o.a.m.s.f.DefaultMavenResourcesFiltering - skip non existing resourceDirectory D:\study_2024\dataBaseProgramming\Roomie\roomie\src\test\resources
2024-11-07 14:14:21,114 [Worker-23: Building] INFO  o.e.m.c.i.l.LifecycleMappingFactory - Using org.maven.ide.eclipse.wtp.WarLifecycleMapping lifecycle mapping for MavenProject: dbp2_10:roomie:0.0.1-SNAPSHOT @ D:\study_2024\dataBaseProgramming\Roomie\roomie\pom.xml.
2024-11-07 14:14:21,603 [Worker-23: Building] INFO  o.a.m.s.f.DefaultMavenResourcesFiltering - Copying 0 resource from src\main\resources to target\classes
2024-11-07 14:14:21,611 [Worker-23: Building] INFO  o.a.m.s.f.DefaultMavenResourcesFiltering - skip non existing resourceDirectory D:\study_2024\dataBaseProgramming\Roomie\roomie\src\test\resources
2024-11-07 14:14:21,612 [Worker-23: Building] INFO  o.e.m.w.i.f.ResourceFilteringBuildParticipant - Changed resources require a complete clean of filtered resources of roomie
2024-11-07 14:14:21,612 [Worker-23: Building] INFO  o.e.m.w.i.f.ResourceFilteringBuildParticipant - Executing resource filtering for roomie
2024-11-07 14:14:23,129 [Worker-28: Building] INFO  o.e.m.c.i.l.LifecycleMappingFactory - Using org.maven.ide.eclipse.wtp.WarLifecycleMapping lifecycle mapping for MavenProject: dbp2_10:roomie:0.0.1-SNAPSHOT @ D:\study_2024\dataBaseProgramming\Roomie\roomie\pom.xml.
2024-11-07 14:14:23,523 [Worker-28: Building] INFO  o.a.m.s.f.DefaultMavenResourcesFiltering - Copying 0 resource from src\main\resources to target\classes
2024-11-07 14:14:23,529 [Worker-28: Building] INFO  o.a.m.s.f.DefaultMavenResourcesFiltering - skip non existing resourceDirectory D:\study_2024\dataBaseProgramming\Roomie\roomie\src\test\resources
2024-11-07 14:14:23,530 [Worker-28: Building] INFO  o.e.m.w.i.f.ResourceFilteringBuildParticipant - Changed resources require a complete clean of filtered resources of roomie
2024-11-07 14:14:23,530 [Worker-28: Building] INFO  o.e.m.w.i.f.ResourceFilteringBuildParticipant - Executing resource filtering for roomie
2024-11-07 14:14:25,888 [Worker-27: Building] INFO  o.e.m.c.i.l.LifecycleMappingFactory - Using org.maven.ide.eclipse.wtp.WarLifecycleMapping lifecycle mapping for MavenProject: dbp2_10:roomie:0.0.1-SNAPSHOT @ D:\study_2024\dataBaseProgramming\Roomie\roomie\pom.xml.
2024-11-07 14:14:26,237 [Worker-27: Building] INFO  o.a.m.s.f.DefaultMavenResourcesFiltering - Copying 0 resource from src\main\resources to target\classes
2024-11-07 14:14:26,243 [Worker-27: Building] INFO  o.a.m.s.f.DefaultMavenResourcesFiltering - skip non existing resourceDirectory D:\study_2024\dataBaseProgramming\Roomie\roomie\src\test\resources
2024-11-07 14:14:26,243 [Worker-27: Building] INFO  o.e.m.w.i.f.ResourceFilteringBuildParticipant - Changed resources require a complete clean of filtered resources of roomie
2024-11-07 14:14:26,244 [Worker-27: Building] INFO  o.e.m.w.i.f.ResourceFilteringBuildParticipant - Executing resource filtering for roomie
2024-11-07 14:14:43,693 [Worker-28: Updating Maven Project] INFO  o.e.m.c.i.p.ProjectConfigurationManager - Update started
2024-11-07 14:14:43,810 [Worker-28: Updating Maven Project] INFO  o.e.m.c.i.l.LifecycleMappingFactory - Using org.maven.ide.eclipse.wtp.WarLifecycleMapping lifecycle mapping for MavenProject: dbp2_10:roomie:0.0.1-SNAPSHOT @ D:\study_2024\dataBaseProgramming\Roomie\roomie\pom.xml.
2024-11-07 14:14:45,059 [Worker-28: Updating Maven Project] INFO  o.e.m.j.i.AbstractJavaProjectConfigurator - Adding source folder /roomie/src/main/java
2024-11-07 14:14:45,060 [Worker-28: Updating Maven Project] INFO  o.e.m.j.i.AbstractJavaProjectConfigurator - Adding resource folder /roomie/src/main/resources
2024-11-07 14:14:45,067 [Worker-28: Updating Maven Project] INFO  o.e.m.j.i.AbstractJavaProjectConfigurator - Adding source folder /roomie/src/test/java
2024-11-07 14:14:45,068 [Worker-28: Updating Maven Project] INFO  o.e.m.j.i.AbstractJavaProjectConfigurator - Adding resource folder /roomie/src/test/resources
2024-11-07 14:14:46,179 [Worker-28: Updating Maven Project] INFO  o.e.m.w.i.f.ResourceFilteringBuildParticipant - Cleaning filtered folder for roomie
2024-11-07 14:14:46,214 [Worker-28: Updating Maven Project] INFO  o.e.m.c.i.p.ProjectConfigurationManager - Update completed for 1 poms: local refresh takes 0.00 sec, refresh facades takes 1.00 sec, update config takes 1.00 sec 
2024-11-07 14:14:46,695 [Worker-29: Building Project roomie] INFO  o.a.m.s.f.DefaultMavenResourcesFiltering - Copying 0 resource from src\main\resources to target\classes
2024-11-07 14:14:46,702 [Worker-29: Building Project roomie] INFO  o.a.m.s.f.DefaultMavenResourcesFiltering - skip non existing resourceDirectory D:\study_2024\dataBaseProgramming\Roomie\roomie\src\test\resources
2024-11-07 14:14:46,703 [Worker-29: Building Project roomie] INFO  o.e.m.w.i.f.ResourceFilteringBuildParticipant - Changed resources require a complete clean of filtered resources of roomie
2024-11-07 14:14:46,703 [Worker-29: Building Project roomie] INFO  o.e.m.w.i.f.ResourceFilteringBuildParticipant - Executing resource filtering for roomie
2024-11-07 14:15:50,666 [Worker-26: Building] INFO  o.e.m.c.i.l.LifecycleMappingFactory - Using org.maven.ide.eclipse.wtp.WarLifecycleMapping lifecycle mapping for MavenProject: dbp2_10:roomie:0.0.1-SNAPSHOT @ D:\study_2024\dataBaseProgramming\Roomie\roomie\pom.xml.
2024-11-07 14:15:51,098 [Worker-26: Building] INFO  o.a.m.s.f.DefaultMavenResourcesFiltering - Copying 0 resource from src\main\resources to target\classes
2024-11-07 14:15:51,104 [Worker-26: Building] INFO  o.a.m.s.f.DefaultMavenResourcesFiltering - skip non existing resourceDirectory D:\study_2024\dataBaseProgramming\Roomie\roomie\src\test\resources
2024-11-07 14:15:51,105 [Worker-26: Building] INFO  o.e.m.w.i.f.ResourceFilteringBuildParticipant - Changed resources require a complete clean of filtered resources of roomie
2024-11-07 14:15:51,105 [Worker-26: Building] INFO  o.e.m.w.i.f.ResourceFilteringBuildParticipant - Executing resource filtering for roomie
2024-11-07 14:15:58,252 [Worker-32: Updating Maven Project] INFO  o.e.m.c.i.p.ProjectConfigurationManager - Update started
2024-11-07 14:15:58,375 [Worker-32: Updating Maven Project] INFO  o.e.m.c.i.l.LifecycleMappingFactory - Using org.maven.ide.eclipse.wtp.WarLifecycleMapping lifecycle mapping for MavenProject: dbp2_10:roomie:0.0.1-SNAPSHOT @ D:\study_2024\dataBaseProgramming\Roomie\roomie\pom.xml.
2024-11-07 14:15:58,615 [Worker-32: Updating Maven Project] INFO  o.e.m.j.i.AbstractJavaProjectConfigurator - Adding source folder /roomie/src/main/java
2024-11-07 14:15:58,615 [Worker-32: Updating Maven Project] INFO  o.e.m.j.i.AbstractJavaProjectConfigurator - Adding resource folder /roomie/src/main/resources
2024-11-07 14:15:58,615 [Worker-32: Updating Maven Project] INFO  o.e.m.j.i.AbstractJavaProjectConfigurator - Adding source folder /roomie/src/test/java
2024-11-07 14:15:58,616 [Worker-32: Updating Maven Project] INFO  o.e.m.j.i.AbstractJavaProjectConfigurator - Adding resource folder /roomie/src/test/resources
2024-11-07 14:15:59,156 [Worker-32: Updating Maven Project] INFO  o.e.m.w.i.f.ResourceFilteringBuildParticipant - Cleaning filtered folder for roomie
2024-11-07 14:15:59,203 [Worker-32: Updating Maven Project] INFO  o.e.m.c.i.p.ProjectConfigurationManager - Update completed for 1 poms: local refresh takes 0.00 sec, refresh facades takes 0.00 sec, update config takes 0.00 sec 
2024-11-07 14:15:59,733 [Worker-31: Building] INFO  o.a.m.s.f.DefaultMavenResourcesFiltering - Copying 0 resource from src\main\resources to target\classes
2024-11-07 14:15:59,739 [Worker-31: Building] INFO  o.a.m.s.f.DefaultMavenResourcesFiltering - skip non existing resourceDirectory D:\study_2024\dataBaseProgramming\Roomie\roomie\src\test\resources
2024-11-07 14:15:59,740 [Worker-31: Building] INFO  o.e.m.w.i.f.ResourceFilteringBuildParticipant - Changed resources require a complete clean of filtered resources of roomie
2024-11-07 14:15:59,740 [Worker-31: Building] INFO  o.e.m.w.i.f.ResourceFilteringBuildParticipant - Executing resource filtering for roomie
2024-11-07 14:19:06,532 [Worker-32: Building] INFO  o.a.m.s.f.DefaultMavenResourcesFiltering - Copying 1 resource from src\main\resources to target\classes
2024-11-07 14:19:06,545 [Worker-32: Building] INFO  o.a.m.s.f.DefaultMavenResourcesFiltering - skip non existing resourceDirectory D:\study_2024\dataBaseProgramming\Roomie\roomie\src\test\resources
2024-11-07 14:19:11,335 [Worker-32: Building] INFO  o.a.m.s.f.DefaultMavenResourcesFiltering - Copying 1 resource from src\main\resources to target\classes
2024-11-07 14:19:11,342 [Worker-32: Building] INFO  o.a.m.s.f.DefaultMavenResourcesFiltering - skip non existing resourceDirectory D:\study_2024\dataBaseProgramming\Roomie\roomie\src\test\resources
2024-11-07 14:21:22,375 [Worker-30: Building] INFO  o.a.m.s.f.DefaultMavenResourcesFiltering - Copying 0 resource from src\main\resources to target\classes
2024-11-07 14:21:22,379 [Worker-30: Building] INFO  o.a.m.s.f.DefaultMavenResourcesFiltering - skip non existing resourceDirectory D:\study_2024\dataBaseProgramming\Roomie\roomie\src\test\resources
2024-11-07 14:22:16,480 [Worker-17: Building] INFO  o.e.m.c.i.l.LifecycleMappingFactory - Using org.maven.ide.eclipse.wtp.WarLifecycleMapping lifecycle mapping for MavenProject: dbp2_10:roomie:0.0.1-SNAPSHOT @ D:\study_2024\dataBaseProgramming\Roomie\roomie\pom.xml.
2024-11-07 14:22:16,898 [Worker-17: Building] INFO  o.a.m.s.f.DefaultMavenResourcesFiltering - Copying 0 resource from src\main\resources to target\classes
2024-11-07 14:22:16,904 [Worker-17: Building] INFO  o.a.m.s.f.DefaultMavenResourcesFiltering - skip non existing resourceDirectory D:\study_2024\dataBaseProgramming\Roomie\roomie\src\test\resources
2024-11-07 14:22:16,904 [Worker-17: Building] INFO  o.e.m.w.i.f.ResourceFilteringBuildParticipant - Changed resources require a complete clean of filtered resources of roomie
2024-11-07 14:22:16,904 [Worker-17: Building] INFO  o.e.m.w.i.f.ResourceFilteringBuildParticipant - Executing resource filtering for roomie
2024-11-07 14:23:43,204 [Worker-32: Building] INFO  o.e.m.c.i.l.LifecycleMappingFactory - Using org.maven.ide.eclipse.wtp.WarLifecycleMapping lifecycle mapping for MavenProject: dbp2_10:roomie:0.0.1-SNAPSHOT @ D:\study_2024\dataBaseProgramming\Roomie\roomie\pom.xml.
2024-11-07 14:23:44,005 [Worker-32: Building] INFO  o.a.m.s.f.DefaultMavenResourcesFiltering - Copying 0 resource from src\main\resources to target\classes
2024-11-07 14:23:44,010 [Worker-32: Building] INFO  o.a.m.s.f.DefaultMavenResourcesFiltering - skip non existing resourceDirectory D:\study_2024\dataBaseProgramming\Roomie\roomie\src\test\resources
2024-11-07 14:23:44,011 [Worker-32: Building] INFO  o.e.m.w.i.f.ResourceFilteringBuildParticipant - Changed resources require a complete clean of filtered resources of roomie
2024-11-07 14:23:44,011 [Worker-32: Building] INFO  o.e.m.w.i.f.ResourceFilteringBuildParticipant - Executing resource filtering for roomie
2024-11-07 14:23:48,703 [Worker-25: Building] INFO  o.e.m.c.i.l.LifecycleMappingFactory - Using org.maven.ide.eclipse.wtp.WarLifecycleMapping lifecycle mapping for MavenProject: dbp2_10:roomie:0.0.1-SNAPSHOT @ D:\study_2024\dataBaseProgramming\Roomie\roomie\pom.xml.
2024-11-07 14:23:49,144 [Worker-25: Building] INFO  o.a.m.s.f.DefaultMavenResourcesFiltering - Copying 0 resource from src\main\resources to target\classes
2024-11-07 14:23:49,148 [Worker-25: Building] INFO  o.a.m.s.f.DefaultMavenResourcesFiltering - skip non existing resourceDirectory D:\study_2024\dataBaseProgramming\Roomie\roomie\src\test\resources
2024-11-07 14:23:49,149 [Worker-25: Building] INFO  o.e.m.w.i.f.ResourceFilteringBuildParticipant - Changed resources require a complete clean of filtered resources of roomie
2024-11-07 14:23:49,149 [Worker-25: Building] INFO  o.e.m.w.i.f.ResourceFilteringBuildParticipant - Executing resource filtering for roomie
2024-11-07 14:23:51,515 [Worker-30: Building] INFO  o.e.m.c.i.l.LifecycleMappingFactory - Using org.maven.ide.eclipse.wtp.WarLifecycleMapping lifecycle mapping for MavenProject: dbp2_10:roomie:0.0.1-SNAPSHOT @ D:\study_2024\dataBaseProgramming\Roomie\roomie\pom.xml.
2024-11-07 14:23:51,968 [Worker-30: Building] INFO  o.a.m.s.f.DefaultMavenResourcesFiltering - Copying 0 resource from src\main\resources to target\classes
2024-11-07 14:23:51,973 [Worker-30: Building] INFO  o.a.m.s.f.DefaultMavenResourcesFiltering - skip non existing resourceDirectory D:\study_2024\dataBaseProgramming\Roomie\roomie\src\test\resources
2024-11-07 14:23:51,974 [Worker-30: Building] INFO  o.e.m.w.i.f.ResourceFilteringBuildParticipant - Changed resources require a complete clean of filtered resources of roomie
2024-11-07 14:23:51,974 [Worker-30: Building] INFO  o.e.m.w.i.f.ResourceFilteringBuildParticipant - Executing resource filtering for roomie
2024-11-07 14:24:19,993 [Worker-17: Building] INFO  o.e.m.c.i.l.LifecycleMappingFactory - Using org.maven.ide.eclipse.wtp.WarLifecycleMapping lifecycle mapping for MavenProject: dbp2_10:roomie:0.0.1-SNAPSHOT @ D:\study_2024\dataBaseProgramming\Roomie\roomie\pom.xml.
2024-11-07 14:24:20,462 [Worker-17: Building] INFO  o.a.m.s.f.DefaultMavenResourcesFiltering - Copying 0 resource from src\main\resources to target\classes
2024-11-07 14:24:20,468 [Worker-17: Building] INFO  o.a.m.s.f.DefaultMavenResourcesFiltering - skip non existing resourceDirectory D:\study_2024\dataBaseProgramming\Roomie\roomie\src\test\resources
2024-11-07 14:24:20,469 [Worker-17: Building] INFO  o.e.m.w.i.f.ResourceFilteringBuildParticipant - Changed resources require a complete clean of filtered resources of roomie
2024-11-07 14:24:20,469 [Worker-17: Building] INFO  o.e.m.w.i.f.ResourceFilteringBuildParticipant - Executing resource filtering for roomie
2024-11-07 14:24:53,730 [Worker-34: Building] INFO  o.e.m.c.i.l.LifecycleMappingFactory - Using org.maven.ide.eclipse.wtp.WarLifecycleMapping lifecycle mapping for MavenProject: dbp2_10:roomie:0.0.1-SNAPSHOT @ D:\study_2024\dataBaseProgramming\Roomie\roomie\pom.xml.
2024-11-07 14:24:54,285 [Worker-34: Building] INFO  o.a.m.s.f.DefaultMavenResourcesFiltering - Copying 0 resource from src\main\resources to target\classes
2024-11-07 14:24:54,290 [Worker-34: Building] INFO  o.a.m.s.f.DefaultMavenResourcesFiltering - skip non existing resourceDirectory D:\study_2024\dataBaseProgramming\Roomie\roomie\src\test\resources
2024-11-07 14:24:54,290 [Worker-34: Building] INFO  o.e.m.w.i.f.ResourceFilteringBuildParticipant - Changed resources require a complete clean of filtered resources of roomie
2024-11-07 14:24:54,290 [Worker-34: Building] INFO  o.e.m.w.i.f.ResourceFilteringBuildParticipant - Executing resource filtering for roomie
2024-11-07 14:24:54,356 [Worker-30: Updating Maven Project] INFO  o.e.m.c.i.p.ProjectConfigurationManager - Update started
2024-11-07 14:24:54,484 [Worker-30: Updating Maven Project] INFO  o.e.m.c.i.l.LifecycleMappingFactory - Using org.maven.ide.eclipse.wtp.WarLifecycleMapping lifecycle mapping for MavenProject: dbp2_10:roomie:0.0.1-SNAPSHOT @ D:\study_2024\dataBaseProgramming\Roomie\roomie\pom.xml.
2024-11-07 14:24:54,942 [Worker-30: Updating Maven Project] INFO  o.e.m.j.i.AbstractJavaProjectConfigurator - Adding source folder /roomie/src/main/java
2024-11-07 14:24:54,943 [Worker-30: Updating Maven Project] INFO  o.e.m.j.i.AbstractJavaProjectConfigurator - Adding resource folder /roomie/src/main/resources
2024-11-07 14:24:54,943 [Worker-30: Updating Maven Project] INFO  o.e.m.j.i.AbstractJavaProjectConfigurator - Adding source folder /roomie/src/test/java
2024-11-07 14:24:54,943 [Worker-30: Updating Maven Project] INFO  o.e.m.j.i.AbstractJavaProjectConfigurator - Adding resource folder /roomie/src/test/resources
2024-11-07 14:24:55,896 [Worker-30: Updating Maven Project] INFO  o.e.m.w.i.f.ResourceFilteringBuildParticipant - Cleaning filtered folder for roomie
2024-11-07 14:24:55,960 [Worker-30: Updating Maven Project] INFO  o.e.m.c.i.p.ProjectConfigurationManager - Update completed for 1 poms: local refresh takes 0.00 sec, refresh facades takes 0.00 sec, update config takes 0.00 sec 
2024-11-07 14:24:56,376 [Worker-17: Building Project roomie] INFO  o.a.m.s.f.DefaultMavenResourcesFiltering - Copying 2 resources from src\main\resources to target\classes
2024-11-07 14:24:56,392 [Worker-17: Building Project roomie] INFO  o.a.m.s.f.DefaultMavenResourcesFiltering - skip non existing resourceDirectory D:\study_2024\dataBaseProgramming\Roomie\roomie\src\test\resources
2024-11-07 14:24:56,393 [Worker-17: Building Project roomie] INFO  o.e.m.w.i.f.ResourceFilteringBuildParticipant - Changed resources require a complete clean of filtered resources of roomie
2024-11-07 14:24:56,393 [Worker-17: Building Project roomie] INFO  o.e.m.w.i.f.ResourceFilteringBuildParticipant - Executing resource filtering for roomie
2024-11-07 14:24:57,843 [Worker-32: Building] INFO  o.e.m.c.i.l.LifecycleMappingFactory - Using org.maven.ide.eclipse.wtp.WarLifecycleMapping lifecycle mapping for MavenProject: dbp2_10:roomie:0.0.1-SNAPSHOT @ D:\study_2024\dataBaseProgramming\Roomie\roomie\pom.xml.
2024-11-07 14:24:58,324 [Worker-32: Building] INFO  o.a.m.s.f.DefaultMavenResourcesFiltering - Copying 0 resource from src\main\resources to target\classes
2024-11-07 14:24:58,330 [Worker-32: Building] INFO  o.a.m.s.f.DefaultMavenResourcesFiltering - skip non existing resourceDirectory D:\study_2024\dataBaseProgramming\Roomie\roomie\src\test\resources
2024-11-07 14:24:58,330 [Worker-32: Building] INFO  o.e.m.w.i.f.ResourceFilteringBuildParticipant - Changed resources require a complete clean of filtered resources of roomie
2024-11-07 14:24:58,330 [Worker-32: Building] INFO  o.e.m.w.i.f.ResourceFilteringBuildParticipant - Executing resource filtering for roomie
2024-11-07 14:25:07,500 [Worker-30: Cleaning all projects] INFO  o.e.m.w.i.f.ResourceFilteringBuildParticipant - Cleaning filtered folder for roomie
2024-11-07 14:25:07,846 [Worker-32: Building] INFO  o.a.m.s.f.DefaultMavenResourcesFiltering - Copying 2 resources from src\main\resources to target\classes
2024-11-07 14:25:07,860 [Worker-32: Building] INFO  o.a.m.s.f.DefaultMavenResourcesFiltering - skip non existing resourceDirectory D:\study_2024\dataBaseProgramming\Roomie\roomie\src\test\resources
2024-11-07 14:25:07,860 [Worker-32: Building] INFO  o.e.m.w.i.f.ResourceFilteringBuildParticipant - Changed resources require a complete clean of filtered resources of roomie
2024-11-07 14:25:07,860 [Worker-32: Building] INFO  o.e.m.w.i.f.ResourceFilteringBuildParticipant - Executing resource filtering for roomie
2024-11-07 14:26:37,314 [Worker-17: Updating Maven Project] INFO  o.e.m.c.i.p.ProjectConfigurationManager - Update started
2024-11-07 14:26:37,437 [Worker-17: Updating Maven Project] INFO  o.e.m.c.i.l.LifecycleMappingFactory - Using org.maven.ide.eclipse.wtp.WarLifecycleMapping lifecycle mapping for MavenProject: dbp2_10:roomie:0.0.1-SNAPSHOT @ D:\study_2024\dataBaseProgramming\Roomie\roomie\pom.xml.
2024-11-07 14:26:37,798 [Worker-17: Updating Maven Project] INFO  o.e.m.j.i.AbstractJavaProjectConfigurator - Adding source folder /roomie/src/main/java
2024-11-07 14:26:37,798 [Worker-17: Updating Maven Project] INFO  o.e.m.j.i.AbstractJavaProjectConfigurator - Adding resource folder /roomie/src/main/resources
2024-11-07 14:26:37,799 [Worker-17: Updating Maven Project] INFO  o.e.m.j.i.AbstractJavaProjectConfigurator - Adding source folder /roomie/src/test/java
2024-11-07 14:26:37,799 [Worker-17: Updating Maven Project] INFO  o.e.m.j.i.AbstractJavaProjectConfigurator - Adding resource folder /roomie/src/test/resources
2024-11-07 14:26:38,260 [Worker-17: Updating Maven Project] INFO  o.e.m.w.i.f.ResourceFilteringBuildParticipant - Cleaning filtered folder for roomie
2024-11-07 14:26:38,306 [Worker-17: Updating Maven Project] INFO  o.e.m.c.i.p.ProjectConfigurationManager - Update completed for 1 poms: local refresh takes 0.00 sec, refresh facades takes 0.00 sec, update config takes 0.00 sec 
2024-11-07 14:26:38,833 [Worker-35: Building] INFO  o.a.m.s.f.DefaultMavenResourcesFiltering - Copying 2 resources from src\main\resources to target\classes
2024-11-07 14:26:38,847 [Worker-35: Building] INFO  o.a.m.s.f.DefaultMavenResourcesFiltering - skip non existing resourceDirectory D:\study_2024\dataBaseProgramming\Roomie\roomie\src\test\resources
2024-11-07 14:26:38,848 [Worker-35: Building] INFO  o.e.m.w.i.f.ResourceFilteringBuildParticipant - Changed resources require a complete clean of filtered resources of roomie
2024-11-07 14:26:38,848 [Worker-35: Building] INFO  o.e.m.w.i.f.ResourceFilteringBuildParticipant - Executing resource filtering for roomie
2024-11-07 14:31:31,210 [Worker-40: Building] INFO  o.a.m.s.f.DefaultMavenResourcesFiltering - Copying 2 resources from src\main\resources to target\classes
2024-11-07 14:31:31,215 [Worker-40: Building] INFO  o.a.m.s.f.DefaultMavenResourcesFiltering - skip non existing resourceDirectory D:\study_2024\dataBaseProgramming\Roomie\roomie\src\test\resources
2024-11-07 14:37:05,657 [Worker-41: Building] INFO  o.a.m.s.f.DefaultMavenResourcesFiltering - Copying 2 resources from src\main\resources to target\classes
2024-11-07 14:37:05,664 [Worker-41: Building] INFO  o.a.m.s.f.DefaultMavenResourcesFiltering - skip non existing resourceDirectory D:\study_2024\dataBaseProgramming\Roomie\roomie\src\test\resources
2024-11-07 14:38:11,557 [Worker-40: Building] INFO  o.a.m.s.f.DefaultMavenResourcesFiltering - Copying 2 resources from src\main\resources to target\classes
2024-11-07 14:38:11,562 [Worker-40: Building] INFO  o.a.m.s.f.DefaultMavenResourcesFiltering - skip non existing resourceDirectory D:\study_2024\dataBaseProgramming\Roomie\roomie\src\test\resources
2024-11-07 14:40:24,577 [Worker-41: Building] INFO  o.a.m.s.f.DefaultMavenResourcesFiltering - Copying 2 resources from src\main\resources to target\classes
2024-11-07 14:40:24,586 [Worker-41: Building] INFO  o.a.m.s.f.DefaultMavenResourcesFiltering - skip non existing resourceDirectory D:\study_2024\dataBaseProgramming\Roomie\roomie\src\test\resources
2024-11-07 14:41:36,555 [Worker-40: Building] INFO  o.a.m.s.f.DefaultMavenResourcesFiltering - Copying 2 resources from src\main\resources to target\classes
2024-11-07 14:41:36,563 [Worker-40: Building] INFO  o.a.m.s.f.DefaultMavenResourcesFiltering - skip non existing resourceDirectory D:\study_2024\dataBaseProgramming\Roomie\roomie\src\test\resources
2024-11-07 14:41:48,408 [Worker-25: Building] INFO  o.a.m.s.f.DefaultMavenResourcesFiltering - Copying 2 resources from src\main\resources to target\classes
2024-11-07 14:41:48,415 [Worker-25: Building] INFO  o.a.m.s.f.DefaultMavenResourcesFiltering - skip non existing resourceDirectory D:\study_2024\dataBaseProgramming\Roomie\roomie\src\test\resources
2024-11-07 14:43:03,190 [Worker-47: Building] INFO  o.a.m.s.f.DefaultMavenResourcesFiltering - Copying 2 resources from src\main\resources to target\classes
2024-11-07 14:43:03,197 [Worker-47: Building] INFO  o.a.m.s.f.DefaultMavenResourcesFiltering - skip non existing resourceDirectory D:\study_2024\dataBaseProgramming\Roomie\roomie\src\test\resources
2024-11-07 14:43:20,082 [Worker-40: Building] INFO  o.a.m.s.f.DefaultMavenResourcesFiltering - Copying 2 resources from src\main\resources to target\classes
2024-11-07 14:43:20,087 [Worker-40: Building] INFO  o.a.m.s.f.DefaultMavenResourcesFiltering - skip non existing resourceDirectory D:\study_2024\dataBaseProgramming\Roomie\roomie\src\test\resources
2024-11-07 14:43:30,747 [Worker-25: Building] INFO  o.a.m.s.f.DefaultMavenResourcesFiltering - Copying 2 resources from src\main\resources to target\classes
2024-11-07 14:43:30,752 [Worker-25: Building] INFO  o.a.m.s.f.DefaultMavenResourcesFiltering - skip non existing resourceDirectory D:\study_2024\dataBaseProgramming\Roomie\roomie\src\test\resources
2024-11-07 14:43:49,054 [Worker-47: Building] INFO  o.a.m.s.f.DefaultMavenResourcesFiltering - Copying 2 resources from src\main\resources to target\classes
2024-11-07 14:43:49,061 [Worker-47: Building] INFO  o.a.m.s.f.DefaultMavenResourcesFiltering - skip non existing resourceDirectory D:\study_2024\dataBaseProgramming\Roomie\roomie\src\test\resources
2024-11-07 14:45:55,124 [Worker-0: Loading available Gradle versions] INFO  o.e.b.c.i.u.g.PublishedGradleVersions - Gradle version information cache is up-to-date. Trying to read.
